#
# A fatal error has been detected by the Java Runtime Environment:
#
#  SIGSEGV (0xb) at pc=0x00007f3b9c02aee0, pid=1468, tid=0x00007f3bc706a700
#
# JRE version: Java(TM) SE Runtime Environment (8.0_101-b13) (build 1.8.0_101-b13)
# Java VM: Java HotSpot(TM) 64-Bit Server VM (25.101-b13 mixed mode linux-amd64 compressed oops)
# Problematic frame:
# C  0x00007f3b9c02aee0
#
# Failed to write core dump. Core dumps have been disabled. To enable core dumping, try "ulimit -c unlimited" before starting Java again
#
# If you would like to submit a bug report, please visit:
#   http://bugreport.java.com/bugreport/crash.jsp
#

---------------  T H R E A D  ---------------

Current thread (0x00007f3bdc0c8000):  JavaThread "JDWP Transport Listener: dt_socket" daemon [_thread_in_vm, id=1492, stack(0x00007f3bc6f6a000,0x00007f3bc706b000)]

siginfo: si_signo: 11 (SIGSEGV), si_code: 2 (SEGV_ACCERR), si_addr: 0x00007f3b9c02aee0

Registers:
RAX=0x00007f3b9c02e420, RBX=0x00007f3b9c000078, RCX=0x00007f3be55d0320, RDX=0x00007f3be4babe80
RSP=0x00007f3bc7069808, RBP=0x00007f3bc7069820, RSI=0x00007f3bdc0c8000, RDI=0x00007f3b9c000078
R8 =0x00007f3bdc0c0640, R9 =0x0000000000000000, R10=0x0000000000000001, R11=0x00007f3be4d5f550
R12=0x0000000000000017, R13=0x00007f3b9c000088, R14=0x00007f3bdc0c8000, R15=0x00007f3bc7069927
RIP=0x00007f3b9c02aee0, EFLAGS=0x0000000000010206, CSGSFS=0x0000000000000033, ERR=0x0000000000000015
  TRAPNO=0x000000000000000e

Top of Stack: (sp=0x00007f3bc7069808)
0x00007f3bc7069808:   00007f3be4496d97 0000000000000074
0x00007f3bc7069818:   00007f3bdc005820 00007f3bc7069890
0x00007f3bc7069828:   00007f3be4323efe 00007f3bdc005820
0x00007f3bc7069838:   00007f3bc7069840 00007f3bdc0c8000
0x00007f3bc7069848:   0000000000000000 00007f3b00000000
0x00007f3bc7069858:   0000000000000000 00007f3bc7069870
0x00007f3bc7069868:   00007f3be32a0e40 00007f3b9c000088
0x00007f3bc7069878:   00007f3bc7069927 0000000000000000
0x00007f3bc7069888:   00007f3bc7069927 00007f3bc70698c0
0x00007f3bc7069898:   00007f3be308c8c2 00007f3bc70698c0
0x00007f3bc70698a8:   00007f3b9c000088 00007f3bc7069990
0x00007f3bc70698b8:   0000000000000000 00007f3bc7069950
0x00007f3bc70698c8:   00007f3be306daa0 00007f3bc7069908
0x00007f3bc70698d8:   00007f3bc7069900 00007f3bc70698f8
0x00007f3bc70698e8:   00007f3bc706991c 000000019c002e00
0x00007f3bc70698f8:   0000000000000000 0000000000000000
0x00007f3bc7069908:   0000000000000000 00007f3b9c006510
0x00007f3bc7069918:   00007f3bc7069990 0000000000000003
0x00007f3bc7069928:   0000000000000002 000000000000000f
0x00007f3bc7069938:   0000000000000002 00000000000f0200
0x00007f3bc7069948:   000000000000000f 00007f3bc7069ba0
0x00007f3bc7069958:   00007f3be30789c6 0000397e00000013
0x00007f3bc7069968:   00007f3be40f0200 00007f3b94000fb0
0x00007f3bc7069978:   0000000000000000 00007f3bc7069990
0x00007f3bc7069988:   00007f3bc7069b20 00007f3bc70699e4
0x00007f3bc7069998:   00007f3b00000128 00007f3bc70699a8
0x00007f3bc70699a8:   0000000000000004 00007f3bc70699e0
0x00007f3bc70699b8:   0000000000000000 00007f0000000000
0x00007f3bc70699c8:   0000397e0000001c 00007f3b00009b80
0x00007f3bc70699d8:   00007f3bc70699e0 0000000103000000
0x00007f3bc70699e8:   0000002500000000 322d636578652d07
0x00007f3bc70699f8:   312d72656c6c6f50 653433312d72656c 

Instructions: (pc=0x00007f3b9c02aee0)
0x00007f3b9c02aec0:   00 00 00 00 00 00 00 00 00 00 00 00 00 00 00 00
0x00007f3b9c02aed0:   00 00 00 00 00 00 00 00 00 00 00 00 00 00 00 00
0x00007f3b9c02aee0:   20 00 00 00 00 00 00 00 01 10 00 00 00 00 00 00
0x00007f3b9c02aef0:   00 b0 01 9c 3b 7f 00 00 00 d4 01 9c 3b 7f 00 00 

Register to memory mapping:

RAX=0x00007f3b9c02e420 is an unknown value
RBX=0x00007f3b9c000078 is an unknown value
RCX=0x00007f3be55d0320: <offset 0x219320> in /lib/x86_64-linux-gnu/libpthread.so.0 at 0x00007f3be53b7000
RDX=0x00007f3be4babe80: <offset 0xfc1e80> in /usr/lib/jvm/java-8-oracle/jre/lib/amd64/server/libjvm.so at 0x00007f3be3bea000
RSP=0x00007f3bc7069808 is pointing into the stack for thread: 0x00007f3bdc0c8000
RBP=0x00007f3bc7069820 is pointing into the stack for thread: 0x00007f3bdc0c8000
RSI=0x00007f3bdc0c8000 is a thread
RDI=0x00007f3b9c000078 is an unknown value
R8 =0x00007f3bdc0c0640 is an unknown value
R9 =0x0000000000000000 is an unknown value
R10=0x0000000000000001 is an unknown value
R11=0x00007f3be4d5f550: <offset 0x187550> in /lib/x86_64-linux-gnu/libc.so.6 at 0x00007f3be4bd8000
R12=0x0000000000000017 is an unknown value
R13=0x00007f3b9c000088 is an unknown value
R14=0x00007f3bdc0c8000 is a thread
R15=0x00007f3bc7069927 is pointing into the stack for thread: 0x00007f3bdc0c8000


Stack: [0x00007f3bc6f6a000,0x00007f3bc706b000],  sp=0x00007f3bc7069808,  free space=1022k
Native frames: (J=compiled Java code, j=interpreted, Vv=VM code, C=native code)
C  0x00007f3b9c02aee0
V  [libjvm.so+0x739efe]  jvmti_IsMethodSynthetic+0x2be
C  [libjdwp.so+0x258c2]  isMethodSynthetic+0x42
C  [libjdwp.so+0x6aa0]  methods1+0x1b0
C  [libjdwp.so+0x119c6]  debugLoop_run+0x2b6
C  [libjdwp.so+0x247ff]  attachThread+0x2f
V  [libjvm.so+0x7a63e2]  JvmtiAgentThread::call_start_function()+0xc2
V  [libjvm.so+0xa7343f]  JavaThread::thread_main_inner()+0xdf
V  [libjvm.so+0xa7356c]  JavaThread::run()+0x11c
V  [libjvm.so+0x924698]  java_start(Thread*)+0x108
C  [libpthread.so.0+0x8184]  start_thread+0xc4


---------------  P R O C E S S  ---------------

Java Threads: ( => current thread )
  0x00007f3b5c00c000 JavaThread "http-nio-8081-exec-2" daemon [_thread_blocked, id=1835, stack(0x00007f3bc4de3000,0x00007f3bc4ee4000)]
  0x00007f3b5c002000 JavaThread "http-nio-8081-exec-1" daemon [_thread_blocked, id=1636, stack(0x00007f3bc5ff8000,0x00007f3bc60f9000)]
  0x00007f3bdc00e000 JavaThread "DestroyJavaVM" [_thread_blocked, id=1476, stack(0x00007f3be56d3000,0x00007f3be57d4000)]
  0x00007f3bdd8c1800 JavaThread "http-nio-8081-AsyncTimeout" daemon [_thread_blocked, id=1554, stack(0x00007f3bb029e000,0x00007f3bb039f000)]
  0x00007f3bdd8c0800 JavaThread "http-nio-8081-Acceptor-0" daemon [_thread_in_native, id=1553, stack(0x00007f3bb039f000,0x00007f3bb04a0000)]
  0x00007f3bdd8bd800 JavaThread "http-nio-8081-ClientPoller-1" daemon [_thread_in_native, id=1552, stack(0x00007f3bc40dc000,0x00007f3bc41dd000)]
  0x00007f3bdd8a1800 JavaThread "http-nio-8081-ClientPoller-0" daemon [_thread_in_native, id=1551, stack(0x00007f3bc41dd000,0x00007f3bc42de000)]
  0x00007f3bdd89f800 JavaThread "NioBlockingSelector.BlockPoller-1" daemon [_thread_in_native, id=1550, stack(0x00007f3bc42de000,0x00007f3bc43df000)]
  0x00007f3bdcb33800 JavaThread "pool-2-thread-1" daemon [_thread_blocked, id=1530, stack(0x00007f3bc47df000,0x00007f3bc48e0000)]
  0x00007f3bdd2f1800 JavaThread "cluster-ClusterId{value='585e834034e22c05bc05cfbb', description='null'}-127.0.0.1:27017" daemon [_thread_blocked, id=1529, stack(0x00007f3bc48e0000,0x00007f3bc49e1000)]
  0x00007f3bdd23d800 JavaThread "container-0" [_thread_blocked, id=1526, stack(0x00007f3bc4be1000,0x00007f3bc4ce2000)]
  0x00007f3bdd23c000 JavaThread "ContainerBackgroundProcessor[StandardEngine[Tomcat]]" daemon [_thread_blocked, id=1525, stack(0x00007f3bc4ce2000,0x00007f3bc4de3000)]
  0x00007f3bdc0e7800 JavaThread "Service Thread" daemon [_thread_blocked, id=1515, stack(0x00007f3bc6964000,0x00007f3bc6a65000)]
  0x00007f3bdc0d2000 JavaThread "C1 CompilerThread2" daemon [_thread_blocked, id=1513, stack(0x00007f3bc6a65000,0x00007f3bc6b66000)]
  0x00007f3bdc0d0800 JavaThread "C2 CompilerThread1" daemon [_thread_blocked, id=1512, stack(0x00007f3bc6b66000,0x00007f3bc6c67000)]
  0x00007f3bdc0cd800 JavaThread "C2 CompilerThread0" daemon [_thread_blocked, id=1499, stack(0x00007f3bc6c67000,0x00007f3bc6d68000)]
  0x00007f3b9c001000 JavaThread "JDWP Command Reader" daemon [_thread_in_native, id=1496, stack(0x00007f3bc6d68000,0x00007f3bc6e69000)]
  0x00007f3bdc0cb800 JavaThread "JDWP Event Helper Thread" daemon [_thread_blocked, id=1495, stack(0x00007f3bc6e69000,0x00007f3bc6f6a000)]
=>0x00007f3bdc0c8000 JavaThread "JDWP Transport Listener: dt_socket" daemon [_thread_in_vm, id=1492, stack(0x00007f3bc6f6a000,0x00007f3bc706b000)]
  0x00007f3bdc0ba000 JavaThread "Signal Dispatcher" daemon [_thread_blocked, id=1490, stack(0x00007f3bc726f000,0x00007f3bc7370000)]
  0x00007f3bdc088800 JavaThread "Finalizer" daemon [_thread_blocked, id=1489, stack(0x00007f3bc7370000,0x00007f3bc7471000)]
  0x00007f3bdc084000 JavaThread "Reference Handler" daemon [_thread_blocked, id=1486, stack(0x00007f3bc7471000,0x00007f3bc7572000)]

Other Threads:
  0x00007f3bdc07c000 VMThread [stack: 0x00007f3bc7572000,0x00007f3bc7673000] [id=1485]
  0x00007f3bdc0eb000 WatcherThread [stack: 0x00007f3bc6863000,0x00007f3bc6964000] [id=1518]

VM state:not at safepoint (normal execution)

VM Mutex/Monitor currently owned by a thread: None

Heap:
 PSYoungGen      total 267264K, used 48198K [0x000000076dc00000, 0x0000000781e80000, 0x00000007c0000000)
  eden space 252416K, 19% used [0x000000076dc00000,0x0000000770b118d0,0x000000077d280000)
  from space 14848K, 0% used [0x000000077d280000,0x000000077d280000,0x000000077e100000)
  to   space 15360K, 0% used [0x0000000780f80000,0x0000000780f80000,0x0000000781e80000)
 ParOldGen       total 148480K, used 20550K [0x00000006c9400000, 0x00000006d2500000, 0x000000076dc00000)
  object space 148480K, 13% used [0x00000006c9400000,0x00000006ca811830,0x00000006d2500000)
 Metaspace       used 39603K, capacity 40014K, committed 40488K, reserved 1085440K
  class space    used 4970K, capacity 5109K, committed 5160K, reserved 1048576K

Card table byte_map: [0x00007f3be11b5000,0x00007f3be196c000] byte_map_base: 0x00007f3bddb6b000

Marking Bits: (ParMarkBitMap*) 0x00007f3be4bab120
 Begin Bits: [0x00007f3bb04a0000, 0x00007f3bb4250000)
 End Bits:   [0x00007f3bb4250000, 0x00007f3bb8000000)

Polling page: 0x00007f3be57f4000

CodeCache: size=245760Kb used=14441Kb max_used=14685Kb free=231318Kb
 bounds [0x00007f3bcd000000, 0x00007f3bcded0000, 0x00007f3bdc000000]
 total_blobs=3992 nmethods=3533 adapters=379
 compilation: enabled

Compilation events (10 events):
Event: 236.294 Thread 0x00007f3bdc0d2000 4258   !   3       java.util.concurrent.locks.AbstractQueuedSynchronizer::acquireQueued (93 bytes)
Event: 236.296 Thread 0x00007f3bdc0d2000 nmethod 4258 0x00007f3bcd41a9d0 code [0x00007f3bcd41ac00, 0x00007f3bcd41b758]
Event: 237.311 Thread 0x00007f3bdc0d2000 4259       3       java.util.Collections$SetFromMap::iterator (10 bytes)
Event: 237.311 Thread 0x00007f3bdc0d2000 nmethod 4259 0x00007f3bcd1f0a90 code [0x00007f3bcd1f0c00, 0x00007f3bcd1f0e28]
Event: 245.400 Thread 0x00007f3bdc0d2000 4260       3       org.bson.codecs.configuration.CodecCache::getOrThrow (63 bytes)
Event: 245.401 Thread 0x00007f3bdc0d2000 nmethod 4260 0x00007f3bcd560f10 code [0x00007f3bcd5611c0, 0x00007f3bcd562458]
Event: 245.401 Thread 0x00007f3bdc0d2000 4261       3       org.bson.codecs.BsonDocumentCodec::readValue (29 bytes)
Event: 245.401 Thread 0x00007f3bdc0d2000 nmethod 4261 0x00007f3bcd8a3c90 code [0x00007f3bcd8a3e60, 0x00007f3bcd8a4628]
Event: 246.294 Thread 0x00007f3bdc0d2000 4262       1       java.util.concurrent.locks.AbstractQueuedSynchronizer::setState (6 bytes)
Event: 246.295 Thread 0x00007f3bdc0d2000 nmethod 4262 0x00007f3bcd1f07d0 code [0x00007f3bcd1f0920, 0x00007f3bcd1f0a30]

GC Heap History (10 events):
Event: 2.806 GC heap before
{Heap before GC invocations=5 (full 0):
 PSYoungGen      total 138240K, used 24955K [0x000000076dc00000, 0x0000000776d00000, 0x00000007c0000000)
  eden space 128000K, 11% used [0x000000076dc00000,0x000000076ea622c0,0x0000000775900000)
  from space 10240K, 99% used [0x0000000776300000,0x0000000776cfc980,0x0000000776d00000)
  to   space 10240K, 0% used [0x0000000775900000,0x0000000775900000,0x0000000776300000)
 ParOldGen       total 169472K, used 6147K [0x00000006c9400000, 0x00000006d3980000, 0x000000076dc00000)
  object space 169472K, 3% used [0x00000006c9400000,0x00000006c9a00ca8,0x00000006d3980000)
 Metaspace       used 20856K, capacity 21100K, committed 21296K, reserved 1069056K
  class space    used 2543K, capacity 2631K, committed 2688K, reserved 1048576K
Event: 2.819 GC heap after
Heap after GC invocations=5 (full 0):
 PSYoungGen      total 138240K, used 10218K [0x000000076dc00000, 0x000000077f400000, 0x00000007c0000000)
  eden space 128000K, 0% used [0x000000076dc00000,0x000000076dc00000,0x0000000775900000)
  from space 10240K, 99% used [0x0000000775900000,0x00000007762faa88,0x0000000776300000)
  to   space 15360K, 0% used [0x000000077e500000,0x000000077e500000,0x000000077f400000)
 ParOldGen       total 169472K, used 6440K [0x00000006c9400000, 0x00000006d3980000, 0x000000076dc00000)
  object space 169472K, 3% used [0x00000006c9400000,0x00000006c9a4a168,0x00000006d3980000)
 Metaspace       used 20856K, capacity 21100K, committed 21296K, reserved 1069056K
  class space    used 2543K, capacity 2631K, committed 2688K, reserved 1048576K
}
Event: 2.819 GC heap before
{Heap before GC invocations=6 (full 1):
 PSYoungGen      total 138240K, used 10218K [0x000000076dc00000, 0x000000077f400000, 0x00000007c0000000)
  eden space 128000K, 0% used [0x000000076dc00000,0x000000076dc00000,0x0000000775900000)
  from space 10240K, 99% used [0x0000000775900000,0x00000007762faa88,0x0000000776300000)
  to   space 15360K, 0% used [0x000000077e500000,0x000000077e500000,0x000000077f400000)
 ParOldGen       total 169472K, used 6440K [0x00000006c9400000, 0x00000006d3980000, 0x000000076dc00000)
  object space 169472K, 3% used [0x00000006c9400000,0x00000006c9a4a168,0x00000006d3980000)
 Metaspace       used 20856K, capacity 21100K, committed 21296K, reserved 1069056K
  class space    used 2543K, capacity 2631K, committed 2688K, reserved 1048576K
Event: 2.883 GC heap after
Heap after GC invocations=6 (full 1):
 PSYoungGen      total 138240K, used 0K [0x000000076dc00000, 0x000000077f400000, 0x00000007c0000000)
  eden space 128000K, 0% used [0x000000076dc00000,0x000000076dc00000,0x0000000775900000)
  from space 10240K, 0% used [0x0000000775900000,0x0000000775900000,0x0000000776300000)
  to   space 15360K, 0% used [0x000000077e500000,0x000000077e500000,0x000000077f400000)
 ParOldGen       total 103424K, used 10388K [0x00000006c9400000, 0x00000006cf900000, 0x000000076dc00000)
  object space 103424K, 10% used [0x00000006c9400000,0x00000006c9e25080,0x00000006cf900000)
 Metaspace       used 20856K, capacity 21100K, committed 21296K, reserved 1069056K
  class space    used 2543K, capacity 2631K, committed 2688K, reserved 1048576K
}
Event: 5.199 GC heap before
{Heap before GC invocations=7 (full 1):
 PSYoungGen      total 138240K, used 128000K [0x000000076dc00000, 0x000000077f400000, 0x00000007c0000000)
  eden space 128000K, 100% used [0x000000076dc00000,0x0000000775900000,0x0000000775900000)
  from space 10240K, 0% used [0x0000000775900000,0x0000000775900000,0x0000000776300000)
  to   space 15360K, 0% used [0x000000077e500000,0x000000077e500000,0x000000077f400000)
 ParOldGen       total 103424K, used 10388K [0x00000006c9400000, 0x00000006cf900000, 0x000000076dc00000)
  object space 103424K, 10% used [0x00000006c9400000,0x00000006c9e25080,0x00000006cf900000)
 Metaspace       used 28320K, capacity 28522K, committed 28672K, reserved 1075200K
  class space    used 3492K, capacity 3564K, committed 3584K, reserved 1048576K
Event: 5.217 GC heap after
Heap after GC invocations=7 (full 1):
 PSYoungGen      total 210944K, used 10567K [0x000000076dc00000, 0x000000077ef80000, 0x00000007c0000000)
  eden space 200192K, 0% used [0x000000076dc00000,0x000000076dc00000,0x0000000779f80000)
  from space 10752K, 98% used [0x000000077e500000,0x000000077ef51c30,0x000000077ef80000)
  to   space 14848K, 0% used [0x000000077d280000,0x000000077d280000,0x000000077e100000)
 ParOldGen       total 103424K, used 10388K [0x00000006c9400000, 0x00000006cf900000, 0x000000076dc00000)
  object space 103424K, 10% used [0x00000006c9400000,0x00000006c9e25080,0x00000006cf900000)
 Metaspace       used 28320K, capacity 28522K, committed 28672K, reserved 1075200K
  class space    used 3492K, capacity 3564K, committed 3584K, reserved 1048576K
}
Event: 23.942 GC heap before
{Heap before GC invocations=8 (full 1):
 PSYoungGen      total 210944K, used 172576K [0x000000076dc00000, 0x000000077ef80000, 0x00000007c0000000)
  eden space 200192K, 80% used [0x000000076dc00000,0x0000000777a363e8,0x0000000779f80000)
  from space 10752K, 98% used [0x000000077e500000,0x000000077ef51c30,0x000000077ef80000)
  to   space 14848K, 0% used [0x000000077d280000,0x000000077d280000,0x000000077e100000)
 ParOldGen       total 103424K, used 10388K [0x00000006c9400000, 0x00000006cf900000, 0x000000076dc00000)
  object space 103424K, 10% used [0x00000006c9400000,0x00000006c9e25080,0x00000006cf900000)
 Metaspace       used 34960K, capacity 35234K, committed 35496K, reserved 1081344K
  class space    used 4415K, capacity 4508K, committed 4520K, reserved 1048576K
Event: 23.960 GC heap after
Heap after GC invocations=8 (full 1):
 PSYoungGen      total 267264K, used 12927K [0x000000076dc00000, 0x0000000781e80000, 0x00000007c0000000)
  eden space 252416K, 0% used [0x000000076dc00000,0x000000076dc00000,0x000000077d280000)
  from space 14848K, 87% used [0x000000077d280000,0x000000077df1fc40,0x000000077e100000)
  to   space 15360K, 0% used [0x0000000780f80000,0x0000000780f80000,0x0000000781e80000)
 ParOldGen       total 103424K, used 10396K [0x00000006c9400000, 0x00000006cf900000, 0x000000076dc00000)
  object space 103424K, 10% used [0x00000006c9400000,0x00000006c9e27080,0x00000006cf900000)
 Metaspace       used 34960K, capacity 35234K, committed 35496K, reserved 1081344K
  class space    used 4415K, capacity 4508K, committed 4520K, reserved 1048576K
}
Event: 23.960 GC heap before
{Heap before GC invocations=9 (full 2):
 PSYoungGen      total 267264K, used 12927K [0x000000076dc00000, 0x0000000781e80000, 0x00000007c0000000)
  eden space 252416K, 0% used [0x000000076dc00000,0x000000076dc00000,0x000000077d280000)
  from space 14848K, 87% used [0x000000077d280000,0x000000077df1fc40,0x000000077e100000)
  to   space 15360K, 0% used [0x0000000780f80000,0x0000000780f80000,0x0000000781e80000)
 ParOldGen       total 103424K, used 10396K [0x00000006c9400000, 0x00000006cf900000, 0x000000076dc00000)
  object space 103424K, 10% used [0x00000006c9400000,0x00000006c9e27080,0x00000006cf900000)
 Metaspace       used 34960K, capacity 35234K, committed 35496K, reserved 1081344K
  class space    used 4415K, capacity 4508K, committed 4520K, reserved 1048576K
Event: 24.093 GC heap after
Heap after GC invocations=9 (full 2):
 PSYoungGen      total 267264K, used 0K [0x000000076dc00000, 0x0000000781e80000, 0x00000007c0000000)
  eden space 252416K, 0% used [0x000000076dc00000,0x000000076dc00000,0x000000077d280000)
  from space 14848K, 0% used [0x000000077d280000,0x000000077d280000,0x000000077e100000)
  to   space 15360K, 0% used [0x0000000780f80000,0x0000000780f80000,0x0000000781e80000)
 ParOldGen       total 148480K, used 20550K [0x00000006c9400000, 0x00000006d2500000, 0x000000076dc00000)
  object space 148480K, 13% used [0x00000006c9400000,0x00000006ca811830,0x00000006d2500000)
 Metaspace       used 34960K, capacity 35234K, committed 35496K, reserved 1081344K
  class space    used 4415K, capacity 4508K, committed 4520K, reserved 1048576K
}

Deoptimization events (10 events):
Event: 31.234 Thread 0x00007f3b5c002000 Uncommon trap: reason=unhandled action=none pc=0x00007f3bcdae2fb8 method=java.net.URLClassLoader.findClass(Ljava/lang/String;)Ljava/lang/Class; @ 44
Event: 31.234 Thread 0x00007f3b5c002000 Uncommon trap: reason=unhandled action=none pc=0x00007f3bcdae2fb8 method=java.net.URLClassLoader.findClass(Ljava/lang/String;)Ljava/lang/Class; @ 44
Event: 31.236 Thread 0x00007f3b5c002000 Uncommon trap: reason=unhandled action=none pc=0x00007f3bcdae2fb8 method=java.net.URLClassLoader.findClass(Ljava/lang/String;)Ljava/lang/Class; @ 44
Event: 31.238 Thread 0x00007f3b5c002000 Uncommon trap: reason=unhandled action=none pc=0x00007f3bcdae2fb8 method=java.net.URLClassLoader.findClass(Ljava/lang/String;)Ljava/lang/Class; @ 44
Event: 31.239 Thread 0x00007f3b5c002000 Uncommon trap: reason=unhandled action=none pc=0x00007f3bcdae2fb8 method=java.net.URLClassLoader.findClass(Ljava/lang/String;)Ljava/lang/Class; @ 44
Event: 31.241 Thread 0x00007f3b5c002000 Uncommon trap: reason=unhandled action=none pc=0x00007f3bcdae2fb8 method=java.net.URLClassLoader.findClass(Ljava/lang/String;)Ljava/lang/Class; @ 44
Event: 31.242 Thread 0x00007f3b5c002000 Uncommon trap: reason=unhandled action=none pc=0x00007f3bcdae2fb8 method=java.net.URLClassLoader.findClass(Ljava/lang/String;)Ljava/lang/Class; @ 44
Event: 31.243 Thread 0x00007f3b5c002000 Uncommon trap: reason=unhandled action=none pc=0x00007f3bcdae2fb8 method=java.net.URLClassLoader.findClass(Ljava/lang/String;)Ljava/lang/Class; @ 44
Event: 34.832 Thread 0x00007f3bdd23c000 Uncommon trap: reason=unhandled action=none pc=0x00007f3bcdae2fb8 method=java.net.URLClassLoader.findClass(Ljava/lang/String;)Ljava/lang/Class; @ 44
Event: 34.833 Thread 0x00007f3bdd23c000 Uncommon trap: reason=unhandled action=none pc=0x00007f3bcdae2fb8 method=java.net.URLClassLoader.findClass(Ljava/lang/String;)Ljava/lang/Class; @ 44

Internal exceptions (10 events):
Event: 31.109 Thread 0x00007f3b5c002000 Exception <a 'java/lang/ArrayIndexOutOfBoundsException': 15> (0x000000076f9c9ce0) thrown at [/HUDSON3/workspace/8-2-build-linux-amd64/jdk8u101/7261/hotspot/src/share/vm/interpreter/interpreterRuntime.cpp, line 366]
Event: 31.109 Thread 0x00007f3b5c002000 Exception <a 'java/lang/ArrayIndexOutOfBoundsException': 15> (0x000000076f9cb9b0) thrown at [/HUDSON3/workspace/8-2-build-linux-amd64/jdk8u101/7261/hotspot/src/share/vm/interpreter/interpreterRuntime.cpp, line 366]
Event: 31.109 Thread 0x00007f3b5c002000 Exception <a 'java/lang/ArrayIndexOutOfBoundsException': 136> (0x000000076f9cd9d0) thrown at [/HUDSON3/workspace/8-2-build-linux-amd64/jdk8u101/7261/hotspot/src/share/vm/interpreter/interpreterRuntime.cpp, line 366]
Event: 31.111 Thread 0x00007f3b5c002000 Exception <a 'java/lang/ArrayIndexOutOfBoundsException': 98> (0x000000076f9e01d0) thrown at [/HUDSON3/workspace/8-2-build-linux-amd64/jdk8u101/7261/hotspot/src/share/vm/interpreter/interpreterRuntime.cpp, line 366]
Event: 31.119 Thread 0x00007f3b5c002000 Exception <a 'java/lang/ArrayIndexOutOfBoundsException': 139> (0x000000076fa0d800) thrown at [/HUDSON3/workspace/8-2-build-linux-amd64/jdk8u101/7261/hotspot/src/share/vm/interpreter/interpreterRuntime.cpp, line 366]
Event: 31.119 Thread 0x00007f3b5c002000 Exception <a 'java/lang/ArrayIndexOutOfBoundsException': 78> (0x000000076fa0ef90) thrown at [/HUDSON3/workspace/8-2-build-linux-amd64/jdk8u101/7261/hotspot/src/share/vm/interpreter/interpreterRuntime.cpp, line 366]
Event: 31.119 Thread 0x00007f3b5c002000 Exception <a 'java/lang/ArrayIndexOutOfBoundsException': 67> (0x000000076fa10ff0) thrown at [/HUDSON3/workspace/8-2-build-linux-amd64/jdk8u101/7261/hotspot/src/share/vm/interpreter/interpreterRuntime.cpp, line 366]
Event: 31.124 Thread 0x00007f3b5c002000 Exception <a 'java/lang/ArrayIndexOutOfBoundsException': 98> (0x000000076fa2f9e8) thrown at [/HUDSON3/workspace/8-2-build-linux-amd64/jdk8u101/7261/hotspot/src/share/vm/interpreter/interpreterRuntime.cpp, line 366]
Event: 31.150 Thread 0x00007f3b5c002000 Exception <a 'java/lang/ArrayIndexOutOfBoundsException': 98> (0x000000076fb81900) thrown at [/HUDSON3/workspace/8-2-build-linux-amd64/jdk8u101/7261/hotspot/src/share/vm/interpreter/interpreterRuntime.cpp, line 366]
Event: 31.185 Thread 0x00007f3b5c002000 Exception <a 'java/lang/ArrayIndexOutOfBoundsException': 61> (0x000000076fcfd1c0) thrown at [/HUDSON3/workspace/8-2-build-linux-amd64/jdk8u101/7261/hotspot/src/share/vm/interpreter/interpreterRuntime.cpp, line 366]

Events (10 events):
Event: 175.395 Thread 0x00007f3bdc0d2000 flushing nmethod 0x00007f3bcd8b5850
Event: 175.395 Thread 0x00007f3bdc0d2000 flushing nmethod 0x00007f3bcd91a390
Event: 175.395 Thread 0x00007f3bdc0d2000 flushing nmethod 0x00007f3bcd92ea90
Event: 175.395 Thread 0x00007f3bdc0d2000 flushing nmethod 0x00007f3bcd936a10
Event: 175.395 Thread 0x00007f3bdc0d2000 flushing nmethod 0x00007f3bcd95a810
Event: 185.394 Thread 0x00007f3bdc0d2000 flushing nmethod 0x00007f3bcdb0a590
Event: 185.394 Thread 0x00007f3bdc0d2000 flushing nmethod 0x00007f3bcdb3e450
Event: 185.398 Thread 0x00007f3bdc0d2000 flushing nmethod 0x00007f3bcdce7d50
Event: 248.377 Executing VM operation: RedefineClasses
Event: 248.414 Executing VM operation: RedefineClasses done


Dynamic libraries:
00400000-00401000 r-xp 00000000 08:05 25036079                           /usr/lib/jvm/java-8-oracle/bin/java
00600000-00601000 rw-p 00000000 08:05 25036079                           /usr/lib/jvm/java-8-oracle/bin/java
0218e000-021af000 rw-p 00000000 00:00 0                                  [heap]
6c9400000-6d2500000 rw-p 00000000 00:00 0 
6d2500000-76dc00000 ---p 00000000 00:00 0 
76dc00000-781e80000 rw-p 00000000 00:00 0 
781e80000-7c0000000 ---p 00000000 00:00 0 
7c0000000-7c050a000 rw-p 00000000 00:00 0 
7c050a000-800000000 ---p 00000000 00:00 0 
7f3b50000000-7f3b50021000 rw-p 00000000 00:00 0 
7f3b50021000-7f3b54000000 ---p 00000000 00:00 0 
7f3b54000000-7f3b5428c000 rw-p 00000000 00:00 0 
7f3b5428c000-7f3b58000000 ---p 00000000 00:00 0 
7f3b58000000-7f3b58021000 rw-p 00000000 00:00 0 
7f3b58021000-7f3b5c000000 ---p 00000000 00:00 0 
7f3b5c000000-7f3b5c021000 rw-p 00000000 00:00 0 
7f3b5c021000-7f3b60000000 ---p 00000000 00:00 0 
7f3b60000000-7f3b60021000 rw-p 00000000 00:00 0 
7f3b60021000-7f3b64000000 ---p 00000000 00:00 0 
7f3b64000000-7f3b64021000 rw-p 00000000 00:00 0 
7f3b64021000-7f3b68000000 ---p 00000000 00:00 0 
7f3b68000000-7f3b68021000 rw-p 00000000 00:00 0 
7f3b68021000-7f3b6c000000 ---p 00000000 00:00 0 
7f3b6c000000-7f3b6c0e9000 rw-p 00000000 00:00 0 
7f3b6c0e9000-7f3b70000000 ---p 00000000 00:00 0 
7f3b70000000-7f3b70058000 rw-p 00000000 00:00 0 
7f3b70058000-7f3b74000000 ---p 00000000 00:00 0 
7f3b74000000-7f3b74021000 rw-p 00000000 00:00 0 
7f3b74021000-7f3b78000000 ---p 00000000 00:00 0 
7f3b78000000-7f3b78021000 rw-p 00000000 00:00 0 
7f3b78021000-7f3b7c000000 ---p 00000000 00:00 0 
7f3b7c000000-7f3b7c847000 rw-p 00000000 00:00 0 
7f3b7c847000-7f3b80000000 ---p 00000000 00:00 0 
7f3b80000000-7f3b80fbc000 rw-p 00000000 00:00 0 
7f3b80fbc000-7f3b84000000 ---p 00000000 00:00 0 
7f3b84000000-7f3b84021000 rw-p 00000000 00:00 0 
7f3b84021000-7f3b88000000 ---p 00000000 00:00 0 
7f3b88000000-7f3b8bf21000 rw-p 00000000 00:00 0 
7f3b8bf21000-7f3b8c000000 ---p 00000000 00:00 0 
7f3b8c000000-7f3b8e5f0000 rw-p 00000000 00:00 0 
7f3b8e5f0000-7f3b90000000 ---p 00000000 00:00 0 
7f3b90000000-7f3b90021000 rw-p 00000000 00:00 0 
7f3b90021000-7f3b94000000 ---p 00000000 00:00 0 
7f3b94000000-7f3b94021000 rw-p 00000000 00:00 0 
7f3b94021000-7f3b98000000 ---p 00000000 00:00 0 
7f3b98000000-7f3b98021000 rw-p 00000000 00:00 0 
7f3b98021000-7f3b9c000000 ---p 00000000 00:00 0 
7f3b9c000000-7f3b9c2cc000 rw-p 00000000 00:00 0 
7f3b9c2cc000-7f3ba0000000 ---p 00000000 00:00 0 
7f3ba0000000-7f3ba0021000 rw-p 00000000 00:00 0 
7f3ba0021000-7f3ba4000000 ---p 00000000 00:00 0 
7f3ba4000000-7f3ba4021000 rw-p 00000000 00:00 0 
7f3ba4021000-7f3ba8000000 ---p 00000000 00:00 0 
7f3bab17f000-7f3bab1ff000 rw-p 00000000 00:00 0 
7f3bab1ff000-7f3bab37f000 ---p 00000000 00:00 0 
7f3bab37f000-7f3bab396000 r-xp 00000000 08:05 43253786                   /lib/x86_64-linux-gnu/libresolv-2.19.so
7f3bab396000-7f3bab596000 ---p 00017000 08:05 43253786                   /lib/x86_64-linux-gnu/libresolv-2.19.so
7f3bab596000-7f3bab597000 r--p 00017000 08:05 43253786                   /lib/x86_64-linux-gnu/libresolv-2.19.so
7f3bab597000-7f3bab598000 rw-p 00018000 08:05 43253786                   /lib/x86_64-linux-gnu/libresolv-2.19.so
7f3bab598000-7f3bab59a000 rw-p 00000000 00:00 0 
7f3bab59a000-7f3bab59f000 r-xp 00000000 08:05 43253860                   /lib/x86_64-linux-gnu/libnss_dns-2.19.so
7f3bab59f000-7f3bab79e000 ---p 00005000 08:05 43253860                   /lib/x86_64-linux-gnu/libnss_dns-2.19.so
7f3bab79e000-7f3bab79f000 r--p 00004000 08:05 43253860                   /lib/x86_64-linux-gnu/libnss_dns-2.19.so
7f3bab79f000-7f3bab7a0000 rw-p 00005000 08:05 43253860                   /lib/x86_64-linux-gnu/libnss_dns-2.19.so
7f3bab7a0000-7f3bab7a2000 r-xp 00000000 08:05 43257806                   /lib/x86_64-linux-gnu/libnss_mdns4_minimal.so.2
7f3bab7a2000-7f3bab9a1000 ---p 00002000 08:05 43257806                   /lib/x86_64-linux-gnu/libnss_mdns4_minimal.so.2
7f3bab9a1000-7f3bab9a2000 r--p 00001000 08:05 43257806                   /lib/x86_64-linux-gnu/libnss_mdns4_minimal.so.2
7f3bab9a2000-7f3bab9a3000 rw-p 00002000 08:05 43257806                   /lib/x86_64-linux-gnu/libnss_mdns4_minimal.so.2
7f3bab9a3000-7f3babba3000 rw-p 00000000 00:00 0 
7f3babba3000-7f3babbb9000 r-xp 00000000 08:05 43253765                   /lib/x86_64-linux-gnu/libgcc_s.so.1
7f3babbb9000-7f3babdb8000 ---p 00016000 08:05 43253765                   /lib/x86_64-linux-gnu/libgcc_s.so.1
7f3babdb8000-7f3babdb9000 rw-p 00015000 08:05 43253765                   /lib/x86_64-linux-gnu/libgcc_s.so.1
7f3babdb9000-7f3babdeb000 r-xp 00000000 08:05 24527527                   /usr/lib/jvm/java-8-oracle/jre/lib/amd64/libsunec.so
7f3babdeb000-7f3babfea000 ---p 00032000 08:05 24527527                   /usr/lib/jvm/java-8-oracle/jre/lib/amd64/libsunec.so
7f3babfea000-7f3babff0000 rw-p 00031000 08:05 24527527                   /usr/lib/jvm/java-8-oracle/jre/lib/amd64/libsunec.so
7f3babff0000-7f3bac000000 rw-p 00000000 00:00 0 
7f3bac000000-7f3bac0b2000 rw-p 00000000 00:00 0 
7f3bac0b2000-7f3bb0000000 ---p 00000000 00:00 0 
7f3bb009e000-7f3bb029e000 rw-p 00000000 00:00 0 
7f3bb029e000-7f3bb02a1000 ---p 00000000 00:00 0 
7f3bb02a1000-7f3bb039f000 rw-p 00000000 00:00 0                          [stack:1554]
7f3bb039f000-7f3bb03a2000 ---p 00000000 00:00 0 
7f3bb03a2000-7f3bb8000000 rw-p 00000000 00:00 0                          [stack:1553]
7f3bb8000000-7f3bb8021000 rw-p 00000000 00:00 0 
7f3bb8021000-7f3bbc000000 ---p 00000000 00:00 0 
7f3bbc000000-7f3bbc021000 rw-p 00000000 00:00 0 
7f3bbc021000-7f3bc0000000 ---p 00000000 00:00 0 
7f3bc0000000-7f3bc0021000 rw-p 00000000 00:00 0 
7f3bc0021000-7f3bc4000000 ---p 00000000 00:00 0 
7f3bc40dc000-7f3bc40df000 ---p 00000000 00:00 0 
7f3bc40df000-7f3bc41dd000 rw-p 00000000 00:00 0                          [stack:1552]
7f3bc41dd000-7f3bc41e0000 ---p 00000000 00:00 0 
7f3bc41e0000-7f3bc42de000 rw-p 00000000 00:00 0                          [stack:1551]
7f3bc42de000-7f3bc42e1000 ---p 00000000 00:00 0 
7f3bc42e1000-7f3bc45df000 rw-p 00000000 00:00 0                          [stack:1550]
7f3bc45df000-7f3bc47df000 rw-p 00000000 00:00 0 
7f3bc47df000-7f3bc47e2000 ---p 00000000 00:00 0 
7f3bc47e2000-7f3bc48e0000 rw-p 00000000 00:00 0                          [stack:1530]
7f3bc48e0000-7f3bc48e3000 ---p 00000000 00:00 0 
7f3bc48e3000-7f3bc4be1000 rw-p 00000000 00:00 0                          [stack:1529]
7f3bc4be1000-7f3bc4be4000 ---p 00000000 00:00 0 
7f3bc4be4000-7f3bc4ce2000 rw-p 00000000 00:00 0                          [stack:1526]
7f3bc4ce2000-7f3bc4ce5000 ---p 00000000 00:00 0 
7f3bc4ce5000-7f3bc4de3000 rw-p 00000000 00:00 0                          [stack:1525]
7f3bc4de3000-7f3bc4de6000 ---p 00000000 00:00 0 
7f3bc4de6000-7f3bc50e4000 rw-p 00000000 00:00 0                          [stack:1835]
7f3bc50e4000-7f3bc52e4000 rw-p 00000000 00:00 0 
7f3bc5302000-7f3bc5305000 rw-p 00000000 00:00 0 
7f3bc5305000-7f3bc530f000 r--s 00116000 08:05 24527495                   /usr/lib/jvm/java-8-oracle/jre/lib/ext/localedata.jar
7f3bc530f000-7f3bc532b000 r--s 00393000 08:05 24527493                   /usr/lib/jvm/java-8-oracle/jre/lib/ext/cldrdata.jar
7f3bc532b000-7f3bc5331000 r--s 0003f000 08:05 24527497                   /usr/lib/jvm/java-8-oracle/jre/lib/ext/sunjce_provider.jar
7f3bc5331000-7f3bc5332000 r--s 00009000 08:05 24527494                   /usr/lib/jvm/java-8-oracle/jre/lib/ext/sunec.jar
7f3bc5332000-7f3bc5335000 r--s 0001a000 08:05 24527687                   /usr/lib/jvm/java-8-oracle/jre/lib/jce.jar
7f3bc5335000-7f3bc5339000 r--s 00097000 08:05 24527694                   /usr/lib/jvm/java-8-oracle/jre/lib/jsse.jar
7f3bc5339000-7f3bc534c000 r--s 00345000 08:05 24527590                   /usr/lib/jvm/java-8-oracle/jre/lib/resources.jar
7f3bc534c000-7f3bc554c000 rw-p 00000000 00:00 0 
7f3bc554c000-7f3bc574c000 rw-p 00000000 00:00 0 
7f3bc574c000-7f3bc57e2000 r--s 01102000 08:05 24527499                   /usr/lib/jvm/java-8-oracle/jre/lib/ext/jfxrt.jar
7f3bc57e2000-7f3bc57f3000 r-xp 00000000 08:05 24527530                   /usr/lib/jvm/java-8-oracle/jre/lib/amd64/libnio.so
7f3bc57f3000-7f3bc59f2000 ---p 00011000 08:05 24527530                   /usr/lib/jvm/java-8-oracle/jre/lib/amd64/libnio.so
7f3bc59f2000-7f3bc59f3000 rw-p 00010000 08:05 24527530                   /usr/lib/jvm/java-8-oracle/jre/lib/amd64/libnio.so
7f3bc59f3000-7f3bc5bf3000 rw-p 00000000 00:00 0 
7f3bc5bf3000-7f3bc5df3000 rw-p 00000000 00:00 0 
7f3bc5df3000-7f3bc5df8000 r--s 002f9000 08:05 24527658                   /usr/lib/jvm/java-8-oracle/jre/lib/charsets.jar
7f3bc5df8000-7f3bc5ff8000 rw-p 00000000 00:00 0 
7f3bc5ff8000-7f3bc5ffb000 ---p 00000000 00:00 0 
7f3bc5ffb000-7f3bc60f9000 rw-p 00000000 00:00 0                          [stack:1636]
7f3bc60f9000-7f3bc610f000 r-xp 00000000 08:05 24527531                   /usr/lib/jvm/java-8-oracle/jre/lib/amd64/libnet.so
7f3bc610f000-7f3bc630f000 ---p 00016000 08:05 24527531                   /usr/lib/jvm/java-8-oracle/jre/lib/amd64/libnet.so
7f3bc630f000-7f3bc6310000 rw-p 00016000 08:05 24527531                   /usr/lib/jvm/java-8-oracle/jre/lib/amd64/libnet.so
7f3bc6310000-7f3bc6319000 r-xp 00000000 08:05 24527515                   /usr/lib/jvm/java-8-oracle/jre/lib/amd64/libmanagement.so
7f3bc6319000-7f3bc6518000 ---p 00009000 08:05 24527515                   /usr/lib/jvm/java-8-oracle/jre/lib/amd64/libmanagement.so
7f3bc6518000-7f3bc6519000 rw-p 00008000 08:05 24527515                   /usr/lib/jvm/java-8-oracle/jre/lib/amd64/libmanagement.so
7f3bc6519000-7f3bc6719000 rw-p 00000000 00:00 0 
7f3bc6719000-7f3bc672a000 r--s 00099000 08:05 42737931                   /home/covacsis/.m2/repository/org/springframework/data/spring-data-commons/1.12.5.RELEASE/spring-data-commons-1.12.5.RELEASE.jar
7f3bc672a000-7f3bc6732000 r--s 0003a000 08:05 44436232                   /home/covacsis/.m2/repository/org/springframework/spring-tx/4.3.4.RELEASE/spring-tx-4.3.4.RELEASE.jar
7f3bc6732000-7f3bc6742000 r--s 0009d000 08:05 43389931                   /home/covacsis/.m2/repository/org/springframework/data/spring-data-mongodb/1.9.5.RELEASE/spring-data-mongodb-1.9.5.RELEASE.jar
7f3bc6742000-7f3bc6747000 r--s 00033000 08:05 45485541                   /home/covacsis/.m2/repository/org/mongodb/bson/3.2.2/bson-3.2.2.jar
7f3bc6747000-7f3bc6759000 r--s 000cd000 08:05 45220267                   /home/covacsis/.m2/repository/org/mongodb/mongodb-driver-core/3.2.2/mongodb-driver-core-3.2.2.jar
7f3bc6759000-7f3bc675f000 r--s 0004f000 08:05 44958973                   /home/covacsis/.m2/repository/org/mongodb/mongodb-driver/3.2.2/mongodb-driver-3.2.2.jar
7f3bc675f000-7f3bc6766000 r--s 0003f000 08:05 47055947                   /home/covacsis/.m2/repository/commons-codec/commons-codec/1.10/commons-codec-1.10.jar
7f3bc6766000-7f3bc6769000 r--s 00009000 08:05 47055967                   /home/covacsis/.m2/repository/oauth/signpost/signpost-core/1.2.1.2/signpost-core-1.2.1.2.jar
7f3bc6769000-7f3bc676b000 r--s 00009000 08:05 46662754                   /home/covacsis/.m2/repository/org/slf4j/slf4j-api/1.7.21/slf4j-api-1.7.21.jar
7f3bc676b000-7f3bc6771000 r--s 0003d000 08:05 46662738                   /home/covacsis/.m2/repository/org/yaml/snakeyaml/1.17/snakeyaml-1.17.jar
7f3bc6771000-7f3bc6787000 r--s 000fa000 08:05 46662736                   /home/covacsis/.m2/repository/org/springframework/spring-core/4.3.4.RELEASE/spring-core-4.3.4.RELEASE.jar
7f3bc6787000-7f3bc6789000 r--s 00004000 08:05 46662734                   /home/covacsis/.m2/repository/org/slf4j/log4j-over-slf4j/1.7.21/log4j-over-slf4j-1.7.21.jar
7f3bc6789000-7f3bc678b000 r--s 00000000 08:05 46662732                   /home/covacsis/.m2/repository/org/slf4j/jul-to-slf4j/1.7.21/jul-to-slf4j-1.7.21.jar
7f3bc678b000-7f3bc678d000 r--s 00003000 08:05 46662730                   /home/covacsis/.m2/repository/org/slf4j/jcl-over-slf4j/1.7.21/jcl-over-slf4j-1.7.21.jar
7f3bc678d000-7f3bc6797000 r--s 00069000 08:05 46662727                   /home/covacsis/.m2/repository/ch/qos/logback/logback-core/1.1.7/logback-core-1.1.7.jar
7f3bc6797000-7f3bc679e000 r--s 00044000 08:05 46662725                   /home/covacsis/.m2/repository/ch/qos/logback/logback-classic/1.1.7/logback-classic-1.1.7.jar
7f3bc679e000-7f3bc67bb000 r--s 000d0000 08:05 46662728                   /home/covacsis/.m2/repository/org/springframework/boot/spring-boot-autoconfigure/1.4.2.RELEASE/spring-boot-autoconfigure-1.4.2.RELEASE.jar
7f3bc67bb000-7f3bc67cb000 r--s 00091000 08:05 46662722                   /home/covacsis/.m2/repository/org/springframework/boot/spring-boot/1.4.2.RELEASE/spring-boot-1.4.2.RELEASE.jar
7f3bc67cb000-7f3bc67d0000 r--s 0003c000 08:05 46662792                   /home/covacsis/.m2/repository/org/springframework/spring-expression/4.3.4.RELEASE/spring-expression-4.3.4.RELEASE.jar
7f3bc67d0000-7f3bc67e2000 r--s 000ce000 08:05 46662790                   /home/covacsis/.m2/repository/org/springframework/spring-webmvc/4.3.4.RELEASE/spring-webmvc-4.3.4.RELEASE.jar
7f3bc67e2000-7f3bc67fc000 r--s 000fc000 08:05 46662724                   /home/covacsis/.m2/repository/org/springframework/spring-context/4.3.4.RELEASE/spring-context-4.3.4.RELEASE.jar
7f3bc67fc000-7f3bc680a000 r--s 000ac000 08:05 46662788                   /home/covacsis/.m2/repository/org/springframework/spring-beans/4.3.4.RELEASE/spring-beans-4.3.4.RELEASE.jar
7f3bc680a000-7f3bc6813000 r--s 00054000 08:05 46662786                   /home/covacsis/.m2/repository/org/springframework/spring-aop/4.3.4.RELEASE/spring-aop-4.3.4.RELEASE.jar
7f3bc6813000-7f3bc6824000 r--s 000b6000 08:05 46662784                   /home/covacsis/.m2/repository/org/springframework/spring-web/4.3.4.RELEASE/spring-web-4.3.4.RELEASE.jar
7f3bc6824000-7f3bc6828000 r--s 00041000 08:05 46662782                   /home/covacsis/.m2/repository/com/fasterxml/jackson/core/jackson-core/2.8.4/jackson-core-2.8.4.jar
7f3bc6828000-7f3bc683a000 r--s 0011c000 08:05 46662778                   /home/covacsis/.m2/repository/com/fasterxml/jackson/core/jackson-databind/2.8.4/jackson-databind-2.8.4.jar
7f3bc683a000-7f3bc6863000 r--s 002b2000 08:05 46662766                   /home/covacsis/.m2/repository/org/apache/tomcat/embed/tomcat-embed-core/8.5.6/tomcat-embed-core-8.5.6.jar
7f3bc6863000-7f3bc6864000 ---p 00000000 00:00 0 
7f3bc6864000-7f3bc6964000 rw-p 00000000 00:00 0                          [stack:1518]
7f3bc6964000-7f3bc6967000 ---p 00000000 00:00 0 
7f3bc6967000-7f3bc6a65000 rw-p 00000000 00:00 0                          [stack:1515]
7f3bc6a65000-7f3bc6a68000 ---p 00000000 00:00 0 
7f3bc6a68000-7f3bc6b66000 rw-p 00000000 00:00 0                          [stack:1513]
7f3bc6b66000-7f3bc6b69000 ---p 00000000 00:00 0 
7f3bc6b69000-7f3bc6c67000 rw-p 00000000 00:00 0                          [stack:1512]
7f3bc6c67000-7f3bc6c6a000 ---p 00000000 00:00 0 
7f3bc6c6a000-7f3bc6d68000 rw-p 00000000 00:00 0                          [stack:1499]
7f3bc6d68000-7f3bc6d6b000 ---p 00000000 00:00 0 
7f3bc6d6b000-7f3bc6e69000 rw-p 00000000 00:00 0                          [stack:1496]
7f3bc6e69000-7f3bc6e6c000 ---p 00000000 00:00 0 
7f3bc6e6c000-7f3bc6f6a000 rw-p 00000000 00:00 0                          [stack:1495]
7f3bc6f6a000-7f3bc6f6d000 ---p 00000000 00:00 0 
7f3bc6f6d000-7f3bc706b000 rw-p 00000000 00:00 0                          [stack:1492]
7f3bc706b000-7f3bc706f000 r-xp 00000000 08:05 24527535                   /usr/lib/jvm/java-8-oracle/jre/lib/amd64/libdt_socket.so
7f3bc706f000-7f3bc726e000 ---p 00004000 08:05 24527535                   /usr/lib/jvm/java-8-oracle/jre/lib/amd64/libdt_socket.so
7f3bc726e000-7f3bc726f000 rw-p 00003000 08:05 24527535                   /usr/lib/jvm/java-8-oracle/jre/lib/amd64/libdt_socket.so
7f3bc726f000-7f3bc7272000 ---p 00000000 00:00 0 
7f3bc7272000-7f3bc7370000 rw-p 00000000 00:00 0                          [stack:1490]
7f3bc7370000-7f3bc7373000 ---p 00000000 00:00 0 
7f3bc7373000-7f3bc7471000 rw-p 00000000 00:00 0                          [stack:1489]
7f3bc7471000-7f3bc7474000 ---p 00000000 00:00 0 
7f3bc7474000-7f3bc7572000 rw-p 00000000 00:00 0                          [stack:1486]
7f3bc7572000-7f3bc7573000 ---p 00000000 00:00 0 
7f3bc7573000-7f3bc8000000 rw-p 00000000 00:00 0                          [stack:1485]
7f3bc8000000-7f3bc8021000 rw-p 00000000 00:00 0 
7f3bc8021000-7f3bcc000000 ---p 00000000 00:00 0 
7f3bcc000000-7f3bcc627000 rw-p 00000000 00:00 0 
7f3bcc627000-7f3bcc800000 r--s 03d29000 08:05 24527574                   /usr/lib/jvm/java-8-oracle/jre/lib/rt.jar
7f3bcc800000-7f3bcd000000 rw-p 00000000 00:00 0 
7f3bcd000000-7f3bcded0000 rwxp 00000000 00:00 0 
7f3bcded0000-7f3bdc000000 ---p 00000000 00:00 0 
7f3bdc000000-7f3bdd8d4000 rw-p 00000000 00:00 0 
7f3bdd8d4000-7f3be0000000 ---p 00000000 00:00 0 
7f3be0000000-7f3be0001000 r--s 00000000 08:05 44697879                   /home/covacsis/.m2/repository/org/springframework/boot/spring-boot-starter-data-mongodb/1.4.2.RELEASE/spring-boot-starter-data-mongodb-1.4.2.RELEASE.jar
7f3be0001000-7f3be0002000 r--s 00000000 08:05 46662723                   /home/covacsis/.m2/repository/org/springframework/boot/spring-boot-starter-logging/1.4.2.RELEASE/spring-boot-starter-logging-1.4.2.RELEASE.jar
7f3be0002000-7f3be0012000 r--s 0009c000 08:05 46662772                   /home/covacsis/.m2/repository/org/hibernate/hibernate-validator/5.2.4.Final/hibernate-validator-5.2.4.Final.jar
7f3be0012000-7f3be088d000 rw-p 00000000 00:00 0 
7f3be088d000-7f3be088e000 ---p 00000000 00:00 0 
7f3be088e000-7f3be098e000 rw-p 00000000 00:00 0                          [stack:1484]
7f3be098e000-7f3be098f000 ---p 00000000 00:00 0 
7f3be098f000-7f3be0a8f000 rw-p 00000000 00:00 0                          [stack:1483]
7f3be0a8f000-7f3be0a90000 ---p 00000000 00:00 0 
7f3be0a90000-7f3be0b90000 rw-p 00000000 00:00 0                          [stack:1482]
7f3be0b90000-7f3be0b91000 ---p 00000000 00:00 0 
7f3be0b91000-7f3be0cda000 rw-p 00000000 00:00 0                          [stack:1481]
7f3be0cda000-7f3be11b5000 ---p 00000000 00:00 0 
7f3be11b5000-7f3be11fe000 rw-p 00000000 00:00 0 
7f3be11fe000-7f3be16d9000 ---p 00000000 00:00 0 
7f3be16d9000-7f3be177b000 rw-p 00000000 00:00 0 
7f3be177b000-7f3be196b000 ---p 00000000 00:00 0 
7f3be196b000-7f3be19a8000 rw-p 00000000 00:00 0 
7f3be19a8000-7f3be1d2c000 ---p 00000000 00:00 0 
7f3be1d2c000-7f3be1d46000 r-xp 00000000 08:05 24527548                   /usr/lib/jvm/java-8-oracle/jre/lib/amd64/libzip.so
7f3be1d46000-7f3be1f46000 ---p 0001a000 08:05 24527548                   /usr/lib/jvm/java-8-oracle/jre/lib/amd64/libzip.so
7f3be1f46000-7f3be1f47000 rw-p 0001a000 08:05 24527548                   /usr/lib/jvm/java-8-oracle/jre/lib/amd64/libzip.so
7f3be1f47000-7f3be1f51000 r-xp 00000000 08:05 43257695                   /lib/x86_64-linux-gnu/libnss_files-2.19.so
7f3be1f51000-7f3be2150000 ---p 0000a000 08:05 43257695                   /lib/x86_64-linux-gnu/libnss_files-2.19.so
7f3be2150000-7f3be2151000 r--p 00009000 08:05 43257695                   /lib/x86_64-linux-gnu/libnss_files-2.19.so
7f3be2151000-7f3be2152000 rw-p 0000a000 08:05 43257695                   /lib/x86_64-linux-gnu/libnss_files-2.19.so
7f3be2152000-7f3be215d000 r-xp 00000000 08:05 43253858                   /lib/x86_64-linux-gnu/libnss_nis-2.19.so
7f3be215d000-7f3be235c000 ---p 0000b000 08:05 43253858                   /lib/x86_64-linux-gnu/libnss_nis-2.19.so
7f3be235c000-7f3be235d000 r--p 0000a000 08:05 43253858                   /lib/x86_64-linux-gnu/libnss_nis-2.19.so
7f3be235d000-7f3be235e000 rw-p 0000b000 08:05 43253858                   /lib/x86_64-linux-gnu/libnss_nis-2.19.so
7f3be235e000-7f3be2375000 r-xp 00000000 08:05 43253854                   /lib/x86_64-linux-gnu/libnsl-2.19.so
7f3be2375000-7f3be2574000 ---p 00017000 08:05 43253854                   /lib/x86_64-linux-gnu/libnsl-2.19.so
7f3be2574000-7f3be2575000 r--p 00016000 08:05 43253854                   /lib/x86_64-linux-gnu/libnsl-2.19.so
7f3be2575000-7f3be2576000 rw-p 00017000 08:05 43253854                   /lib/x86_64-linux-gnu/libnsl-2.19.so
7f3be2576000-7f3be2578000 rw-p 00000000 00:00 0 
7f3be2578000-7f3be2581000 r-xp 00000000 08:05 43253853                   /lib/x86_64-linux-gnu/libnss_compat-2.19.so
7f3be2581000-7f3be2780000 ---p 00009000 08:05 43253853                   /lib/x86_64-linux-gnu/libnss_compat-2.19.so
7f3be2780000-7f3be2781000 r--p 00008000 08:05 43253853                   /lib/x86_64-linux-gnu/libnss_compat-2.19.so
7f3be2781000-7f3be2782000 rw-p 00009000 08:05 43253853                   /lib/x86_64-linux-gnu/libnss_compat-2.19.so
7f3be2782000-7f3be2e64000 r--p 00000000 08:05 23075333                   /usr/lib/locale/locale-archive
7f3be2e64000-7f3be2e66000 r-xp 00000000 08:05 24527519                   /usr/lib/jvm/java-8-oracle/jre/lib/amd64/libnpt.so
7f3be2e66000-7f3be3066000 ---p 00002000 08:05 24527519                   /usr/lib/jvm/java-8-oracle/jre/lib/amd64/libnpt.so
7f3be3066000-7f3be3067000 rw-p 00002000 08:05 24527519                   /usr/lib/jvm/java-8-oracle/jre/lib/amd64/libnpt.so
7f3be3067000-7f3be30a0000 r-xp 00000000 08:05 24527561                   /usr/lib/jvm/java-8-oracle/jre/lib/amd64/libjdwp.so
7f3be30a0000-7f3be329f000 ---p 00039000 08:05 24527561                   /usr/lib/jvm/java-8-oracle/jre/lib/amd64/libjdwp.so
7f3be329f000-7f3be32a1000 rw-p 00038000 08:05 24527561                   /usr/lib/jvm/java-8-oracle/jre/lib/amd64/libjdwp.so
7f3be32a1000-7f3be32cb000 r-xp 00000000 08:05 24527524                   /usr/lib/jvm/java-8-oracle/jre/lib/amd64/libjava.so
7f3be32cb000-7f3be34cb000 ---p 0002a000 08:05 24527524                   /usr/lib/jvm/java-8-oracle/jre/lib/amd64/libjava.so
7f3be34cb000-7f3be34cd000 rw-p 0002a000 08:05 24527524                   /usr/lib/jvm/java-8-oracle/jre/lib/amd64/libjava.so
7f3be34cd000-7f3be34da000 r-xp 00000000 08:05 24527534                   /usr/lib/jvm/java-8-oracle/jre/lib/amd64/libverify.so
7f3be34da000-7f3be36da000 ---p 0000d000 08:05 24527534                   /usr/lib/jvm/java-8-oracle/jre/lib/amd64/libverify.so
7f3be36da000-7f3be36dc000 rw-p 0000d000 08:05 24527534                   /usr/lib/jvm/java-8-oracle/jre/lib/amd64/libverify.so
7f3be36dc000-7f3be36e3000 r-xp 00000000 08:05 43253862                   /lib/x86_64-linux-gnu/librt-2.19.so
7f3be36e3000-7f3be38e2000 ---p 00007000 08:05 43253862                   /lib/x86_64-linux-gnu/librt-2.19.so
7f3be38e2000-7f3be38e3000 r--p 00006000 08:05 43253862                   /lib/x86_64-linux-gnu/librt-2.19.so
7f3be38e3000-7f3be38e4000 rw-p 00007000 08:05 43253862                   /lib/x86_64-linux-gnu/librt-2.19.so
7f3be38e4000-7f3be39e9000 r-xp 00000000 08:05 43253790                   /lib/x86_64-linux-gnu/libm-2.19.so
7f3be39e9000-7f3be3be8000 ---p 00105000 08:05 43253790                   /lib/x86_64-linux-gnu/libm-2.19.so
7f3be3be8000-7f3be3be9000 r--p 00104000 08:05 43253790                   /lib/x86_64-linux-gnu/libm-2.19.so
7f3be3be9000-7f3be3bea000 rw-p 00105000 08:05 43253790                   /lib/x86_64-linux-gnu/libm-2.19.so
7f3be3bea000-7f3be48b5000 r-xp 00000000 08:05 24527523                   /usr/lib/jvm/java-8-oracle/jre/lib/amd64/server/libjvm.so
7f3be48b5000-7f3be4ab4000 ---p 00ccb000 08:05 24527523                   /usr/lib/jvm/java-8-oracle/jre/lib/amd64/server/libjvm.so
7f3be4ab4000-7f3be4b8d000 rw-p 00cca000 08:05 24527523                   /usr/lib/jvm/java-8-oracle/jre/lib/amd64/server/libjvm.so
7f3be4b8d000-7f3be4bd8000 rw-p 00000000 00:00 0 
7f3be4bd8000-7f3be4d92000 r-xp 00000000 08:05 43253863                   /lib/x86_64-linux-gnu/libc-2.19.so
7f3be4d92000-7f3be4f92000 ---p 001ba000 08:05 43253863                   /lib/x86_64-linux-gnu/libc-2.19.so
7f3be4f92000-7f3be4f96000 r--p 001ba000 08:05 43253863                   /lib/x86_64-linux-gnu/libc-2.19.so
7f3be4f96000-7f3be4f98000 rw-p 001be000 08:05 43253863                   /lib/x86_64-linux-gnu/libc-2.19.so
7f3be4f98000-7f3be4f9d000 rw-p 00000000 00:00 0 
7f3be4f9d000-7f3be4fa0000 r-xp 00000000 08:05 43253850                   /lib/x86_64-linux-gnu/libdl-2.19.so
7f3be4fa0000-7f3be519f000 ---p 00003000 08:05 43253850                   /lib/x86_64-linux-gnu/libdl-2.19.so
7f3be519f000-7f3be51a0000 r--p 00002000 08:05 43253850                   /lib/x86_64-linux-gnu/libdl-2.19.so
7f3be51a0000-7f3be51a1000 rw-p 00003000 08:05 43253850                   /lib/x86_64-linux-gnu/libdl-2.19.so
7f3be51a1000-7f3be51b6000 r-xp 00000000 08:05 24121494                   /usr/lib/jvm/java-8-oracle/lib/amd64/jli/libjli.so
7f3be51b6000-7f3be53b6000 ---p 00015000 08:05 24121494                   /usr/lib/jvm/java-8-oracle/lib/amd64/jli/libjli.so
7f3be53b6000-7f3be53b7000 rw-p 00015000 08:05 24121494                   /usr/lib/jvm/java-8-oracle/lib/amd64/jli/libjli.so
7f3be53b7000-7f3be53d0000 r-xp 00000000 08:05 43253855                   /lib/x86_64-linux-gnu/libpthread-2.19.so
7f3be53d0000-7f3be55cf000 ---p 00019000 08:05 43253855                   /lib/x86_64-linux-gnu/libpthread-2.19.so
7f3be55cf000-7f3be55d0000 r--p 00018000 08:05 43253855                   /lib/x86_64-linux-gnu/libpthread-2.19.so
7f3be55d0000-7f3be55d1000 rw-p 00019000 08:05 43253855                   /lib/x86_64-linux-gnu/libpthread-2.19.so
7f3be55d1000-7f3be55d5000 rw-p 00000000 00:00 0 
7f3be55d5000-7f3be55f8000 r-xp 00000000 08:05 43253856                   /lib/x86_64-linux-gnu/ld-2.19.so
7f3be55f8000-7f3be55f9000 r--s 00000000 08:05 46662720                   /home/covacsis/.m2/repository/org/springframework/boot/spring-boot-starter/1.4.2.RELEASE/spring-boot-starter-1.4.2.RELEASE.jar
7f3be55f9000-7f3be55fc000 r--s 0000b000 08:05 46662780                   /home/covacsis/.m2/repository/com/fasterxml/jackson/core/jackson-annotations/2.8.4/jackson-annotations-2.8.4.jar
7f3be55fc000-7f3be55fe000 r--s 0000e000 08:05 46662776                   /home/covacsis/.m2/repository/com/fasterxml/classmate/1.3.3/classmate-1.3.3.jar
7f3be55fe000-7f3be5602000 r--s 0000c000 08:05 44306930                   /home/covacsis/.m2/repository/javax/validation/validation-api/1.1.0.Final/validation-api-1.1.0.Final.jar
7f3be5602000-7f3be56d3000 rw-p 00000000 00:00 0 
7f3be56d3000-7f3be56d6000 ---p 00000000 00:00 0 
7f3be56d6000-7f3be57d8000 rw-p 00000000 00:00 0                          [stack:1476]
7f3be57d8000-7f3be57da000 r--s 0000f000 08:05 46662774                   /home/covacsis/.m2/repository/org/jboss/logging/jboss-logging/3.3.0.Final/jboss-logging-3.3.0.Final.jar
7f3be57da000-7f3be57df000 r--s 00036000 08:05 46662770                   /home/covacsis/.m2/repository/org/apache/tomcat/embed/tomcat-embed-websocket/8.5.6/tomcat-embed-websocket-8.5.6.jar
7f3be57df000-7f3be57e4000 r--s 00036000 08:05 46662769                   /home/covacsis/.m2/repository/org/apache/tomcat/embed/tomcat-embed-el/8.5.6/tomcat-embed-el-8.5.6.jar
7f3be57e4000-7f3be57e5000 r--s 00000000 08:05 46662764                   /home/covacsis/.m2/repository/org/springframework/boot/spring-boot-starter-tomcat/1.4.2.RELEASE/spring-boot-starter-tomcat-1.4.2.RELEASE.jar
7f3be57e5000-7f3be57e6000 r--s 00000000 08:05 46662762                   /home/covacsis/.m2/repository/org/springframework/boot/spring-boot-starter-web/1.4.2.RELEASE/spring-boot-starter-web-1.4.2.RELEASE.jar
7f3be57e6000-7f3be57eb000 r--s 00034000 08:05 47187325                   /home/covacsis/.m2/repository/com/google/code/gson/gson/2.7/gson-2.7.jar
7f3be57eb000-7f3be57f3000 rw-s 00000000 08:05 30934950                   /tmp/hsperfdata_covacsis/1468
7f3be57f3000-7f3be57f4000 rw-p 00000000 00:00 0 
7f3be57f4000-7f3be57f5000 r--p 00000000 00:00 0 
7f3be57f5000-7f3be57f7000 rw-p 00000000 00:00 0 
7f3be57f7000-7f3be57f8000 r--p 00022000 08:05 43253856                   /lib/x86_64-linux-gnu/ld-2.19.so
7f3be57f8000-7f3be57f9000 rw-p 00023000 08:05 43253856                   /lib/x86_64-linux-gnu/ld-2.19.so
7f3be57f9000-7f3be57fa000 rw-p 00000000 00:00 0 
7fffc4437000-7fffc4459000 rw-p 00000000 00:00 0                          [stack]
7fffc45fe000-7fffc4600000 r-xp 00000000 00:00 0                          [vdso]
ffffffffff600000-ffffffffff601000 r-xp 00000000 00:00 0                  [vsyscall]

VM Arguments:
jvm_args: -agentlib:jdwp=transport=dt_socket,suspend=y,address=localhost:52979 -Dfile.encoding=UTF-8 
java_command: com.appdirect.web.AppDirectApplication
java_class_path (initial): /home/covacsis/workspace-appdirect/appdirect/appdirect-web/target/classes:/home/covacsis/workspace-appdirect/appdirect/appdirect-service-impl/target/classes:/home/covacsis/workspace-appdirect/appdirect/appdirect-model/target/classes:/home/covacsis/workspace-appdirect/appdirect/appdirect-service/target/classes:/home/covacsis/workspace-appdirect/appdirect/appdirect-config/target/classes:/home/covacsis/.m2/repository/com/google/code/gson/gson/2.7/gson-2.7.jar:/home/covacsis/.m2/repository/org/springframework/boot/spring-boot-starter-web/1.4.2.RELEASE/spring-boot-starter-web-1.4.2.RELEASE.jar:/home/covacsis/.m2/repository/org/springframework/boot/spring-boot-starter-tomcat/1.4.2.RELEASE/spring-boot-starter-tomcat-1.4.2.RELEASE.jar:/home/covacsis/.m2/repository/org/apache/tomcat/embed/tomcat-embed-core/8.5.6/tomcat-embed-core-8.5.6.jar:/home/covacsis/.m2/repository/org/apache/tomcat/embed/tomcat-embed-el/8.5.6/tomcat-embed-el-8.5.6.jar:/home/covacsis/.m2/repository/org/apache/tomcat/embed/tomcat-embed-websocket/8.5.6/tomcat-embed-websocket-8.5.6.jar:/home/covacsis/.m2/repository/org/hibernate/hibernate-validator/5.2.4.Final/hibernate-validator-5.2.4.Final.jar:/home/covacsis/.m2/repository/javax/validation/validation-api/1.1.0.Final/validation-api-1.1.0.Final.jar:/home/covacsis/.m2/repository/org/jboss/logging/jboss-logging/3.3.0.Final/jboss-logging-3.3.0.Final.jar:/home/covacsis/.m2/repository/com/fasterxml/classmate/1.3.3/classmate-1.3.3.jar:/home/covacsis/.m2/repository/com/fasterxml/jackson/core/jackson-databind/2.8.4/jackson-databind-2.8.4.jar:/home/covacsis/.m2/repository/com/fasterxml/jackson/core/jackson-annotations/2.8.4/jackson-annotations-2.8.4.jar:/home/covacsis/.m2/repository/com/fasterxml/jackson/core/jackson-core/2.8.4/jackson-core-2.8.4.jar:/home/covacsis/.m2/repository/org/springframework/spring-web/4.3.4.RELEASE/spring-web-4.3.4.RELEASE.jar:/home/covacsis/.m2/repository/org/springframework/spring-aop/4.3.4.RELEASE/spring-aop-
Launcher Type: SUN_STANDARD

Environment Variables:
PATH=/usr/local/sbin:/usr/local/bin:/usr/sbin:/usr/bin:/sbin:/bin:/usr/games:/usr/local/games
SHELL=/bin/bash
DISPLAY=:0.0

Signal Handlers:
SIGSEGV: [libjvm.so+0xac4790], sa_mask[0]=11111111011111111101111111111110, sa_flags=SA_RESTART|SA_SIGINFO
SIGBUS: [libjvm.so+0xac4790], sa_mask[0]=11111111011111111101111111111110, sa_flags=SA_RESTART|SA_SIGINFO
SIGFPE: [libjvm.so+0x91f140], sa_mask[0]=11111111011111111101111111111110, sa_flags=SA_RESTART|SA_SIGINFO
SIGPIPE: [libjvm.so+0x91f140], sa_mask[0]=11111111011111111101111111111110, sa_flags=SA_RESTART|SA_SIGINFO
SIGXFSZ: [libjvm.so+0x91f140], sa_mask[0]=11111111011111111101111111111110, sa_flags=SA_RESTART|SA_SIGINFO
SIGILL: [libjvm.so+0x91f140], sa_mask[0]=11111111011111111101111111111110, sa_flags=SA_RESTART|SA_SIGINFO
SIGUSR1: SIG_DFL, sa_mask[0]=00000000000000000000000000000000, sa_flags=none
SIGUSR2: [libjvm.so+0x920770], sa_mask[0]=00100000000000000000000000000000, sa_flags=SA_RESTART|SA_SIGINFO
SIGHUP: [libjvm.so+0x921b70], sa_mask[0]=11111111011111111101111111111110, sa_flags=SA_RESTART|SA_SIGINFO
SIGINT: [libjvm.so+0x921b70], sa_mask[0]=11111111011111111101111111111110, sa_flags=SA_RESTART|SA_SIGINFO
SIGTERM: [libjvm.so+0x921b70], sa_mask[0]=11111111011111111101111111111110, sa_flags=SA_RESTART|SA_SIGINFO
SIGQUIT: [libjvm.so+0x921b70], sa_mask[0]=11111111011111111101111111111110, sa_flags=SA_RESTART|SA_SIGINFO


---------------  S Y S T E M  ---------------

OS:DISTRIB_ID=Ubuntu
DISTRIB_RELEASE=14.04
DISTRIB_CODENAME=trusty
DISTRIB_DESCRIPTION="Ubuntu 14.04.1 LTS"

uname:Linux 3.13.0-32-generic #57-Ubuntu SMP Tue Jul 15 03:51:08 UTC 2014 x86_64
libc:glibc 2.19 NPTL 2.19 
rlimit: STACK 8192k, CORE 0k, NPROC 126114, NOFILE 4096, AS infinity
load average:0.40 0.70 0.68

/proc/meminfo:
MemTotal:       16164180 kB
MemFree:         6776132 kB
Buffers:          346644 kB
Cached:          3569912 kB
SwapCached:            0 kB
Active:          5794708 kB
Inactive:        3000196 kB
Active(anon):    4883328 kB
Inactive(anon):   612936 kB
Active(file):     911380 kB
Inactive(file):  2387260 kB
Unevictable:          48 kB
Mlocked:              48 kB
SwapTotal:      16502780 kB
SwapFree:       16502780 kB
Dirty:               188 kB
Writeback:             0 kB
AnonPages:       4878480 kB
Mapped:           704392 kB
Shmem:            617920 kB
Slab:             388880 kB
SReclaimable:     344100 kB
SUnreclaim:        44780 kB
KernelStack:        6896 kB
PageTables:        54908 kB
NFS_Unstable:          0 kB
Bounce:                0 kB
WritebackTmp:          0 kB
CommitLimit:    24584868 kB
Committed_AS:   12132908 kB
VmallocTotal:   34359738367 kB
VmallocUsed:      380156 kB
VmallocChunk:   34359348700 kB
HardwareCorrupted:     0 kB
AnonHugePages:   3006464 kB
HugePages_Total:       0
HugePages_Free:        0
HugePages_Rsvd:        0
HugePages_Surp:        0
Hugepagesize:       2048 kB
DirectMap4k:      115272 kB
DirectMap2M:     6952960 kB
DirectMap1G:     9437184 kB


CPU:total 4 (2 cores per cpu, 2 threads per core) family 6 model 61 stepping 4, cmov, cx8, fxsr, mmx, sse, sse2, sse3, ssse3, sse4.1, sse4.2, popcnt, avx, avx2, aes, clmul, erms, 3dnowpref, lzcnt, ht, tsc, tscinvbit, bmi1, bmi2, adx

/proc/cpuinfo:
processor	: 0
vendor_id	: GenuineIntel
cpu family	: 6
model		: 61
model name	: Intel(R) Core(TM) i5-5200U CPU @ 2.20GHz
stepping	: 4
microcode	: 0x1f
cpu MHz		: 2200.000
cache size	: 3072 KB
physical id	: 0
siblings	: 4
core id		: 0
cpu cores	: 2
apicid		: 0
initial apicid	: 0
fpu		: yes
fpu_exception	: yes
cpuid level	: 20
wp		: yes
flags		: fpu vme de pse tsc msr pae mce cx8 apic sep mtrr pge mca cmov pat pse36 clflush dts acpi mmx fxsr sse sse2 ss ht tm pbe syscall nx pdpe1gb rdtscp lm constant_tsc arch_perfmon pebs bts rep_good nopl xtopology nonstop_tsc aperfmperf eagerfpu pni pclmulqdq dtes64 monitor ds_cpl vmx est tm2 ssse3 fma cx16 xtpr pdcm pcid sse4_1 sse4_2 x2apic movbe popcnt tsc_deadline_timer aes xsave avx f16c rdrand lahf_lm abm 3dnowprefetch ida arat epb xsaveopt pln pts dtherm tpr_shadow vnmi flexpriority ept vpid fsgsbase tsc_adjust bmi1 avx2 smep bmi2 erms invpcid rdseed adx smap
bogomips	: 4389.73
clflush size	: 64
cache_alignment	: 64
address sizes	: 39 bits physical, 48 bits virtual
power management:

processor	: 1
vendor_id	: GenuineIntel
cpu family	: 6
model		: 61
model name	: Intel(R) Core(TM) i5-5200U CPU @ 2.20GHz
stepping	: 4
microcode	: 0x1f
cpu MHz		: 2200.000
cache size	: 3072 KB
physical id	: 0
siblings	: 4
core id		: 0
cpu cores	: 2
apicid		: 1
initial apicid	: 1
fpu		: yes
fpu_exception	: yes
cpuid level	: 20
wp		: yes
flags		: fpu vme de pse tsc msr pae mce cx8 apic sep mtrr pge mca cmov pat pse36 clflush dts acpi mmx fxsr sse sse2 ss ht tm pbe syscall nx pdpe1gb rdtscp lm constant_tsc arch_perfmon pebs bts rep_good nopl xtopology nonstop_tsc aperfmperf eagerfpu pni pclmulqdq dtes64 monitor ds_cpl vmx est tm2 ssse3 fma cx16 xtpr pdcm pcid sse4_1 sse4_2 x2apic movbe popcnt tsc_deadline_timer aes xsave avx f16c rdrand lahf_lm abm 3dnowprefetch ida arat epb xsaveopt pln pts dtherm tpr_shadow vnmi flexpriority ept vpid fsgsbase tsc_adjust bmi1 avx2 smep bmi2 erms invpcid rdseed adx smap
bogomips	: 4389.73
clflush size	: 64
cache_alignment	: 64
address sizes	: 39 bits physical, 48 bits virtual
power management:

processor	: 2
vendor_id	: GenuineIntel
cpu family	: 6
model		: 61
model name	: Intel(R) Core(TM) i5-5200U CPU @ 2.20GHz
stepping	: 4
microcode	: 0x1f
cpu MHz		: 2200.000
cache size	: 3072 KB
physical id	: 0
siblings	: 4
core id		: 1
cpu cores	: 2
apicid		: 2
initial apicid	: 2
fpu		: yes
fpu_exception	: yes
cpuid level	: 20
wp		: yes
flags		: fpu vme de pse tsc msr pae mce cx8 apic sep mtrr pge mca cmov pat pse36 clflush dts acpi mmx fxsr sse sse2 ss ht tm pbe syscall nx pdpe1gb rdtscp lm constant_tsc arch_perfmon pebs bts rep_good nopl xtopology nonstop_tsc aperfmperf eagerfpu pni pclmulqdq dtes64 monitor ds_cpl vmx est tm2 ssse3 fma cx16 xtpr pdcm pcid sse4_1 sse4_2 x2apic movbe popcnt tsc_deadline_timer aes xsave avx f16c rdrand lahf_lm abm 3dnowprefetch ida arat epb xsaveopt pln pts dtherm tpr_shadow vnmi flexpriority ept vpid fsgsbase tsc_adjust bmi1 avx2 smep bmi2 erms invpcid rdseed adx smap
bogomips	: 4389.73
clflush size	: 64
cache_alignment	: 64
address sizes	: 39 bits physical, 48 bits virtual
power management:

processor	: 3
vendor_id	: GenuineIntel
cpu family	: 6
model		: 61
model name	: Intel(R) Core(TM) i5-5200U CPU @ 2.20GHz
stepping	: 4
microcode	: 0x1f
cpu MHz		: 2200.000
cache size	: 3072 KB
physical id	: 0
siblings	: 4
core id		: 1
cpu cores	: 2
apicid		: 3
initial apicid	: 3
fpu		: yes
fpu_exception	: yes
cpuid level	: 20
wp		: yes
flags		: fpu vme de pse tsc msr pae mce cx8 apic sep mtrr pge mca cmov pat pse36 clflush dts acpi mmx fxsr sse sse2 ss ht tm pbe syscall nx pdpe1gb rdtscp lm constant_tsc arch_perfmon pebs bts rep_good nopl xtopology nonstop_tsc aperfmperf eagerfpu pni pclmulqdq dtes64 monitor ds_cpl vmx est tm2 ssse3 fma cx16 xtpr pdcm pcid sse4_1 sse4_2 x2apic movbe popcnt tsc_deadline_timer aes xsave avx f16c rdrand lahf_lm abm 3dnowprefetch ida arat epb xsaveopt pln pts dtherm tpr_shadow vnmi flexpriority ept vpid fsgsbase tsc_adjust bmi1 avx2 smep bmi2 erms invpcid rdseed adx smap
bogomips	: 4389.73
clflush size	: 64
cache_alignment	: 64
address sizes	: 39 bits physical, 48 bits virtual
power management:



Memory: 4k page, physical 16164180k(6776132k free), swap 16502780k(16502780k free)

vm_info: Java HotSpot(TM) 64-Bit Server VM (25.101-b13) for linux-amd64 JRE (1.8.0_101-b13), built on Jun 22 2016 02:59:44 by "java_re" with gcc 4.3.0 20080428 (Red Hat 4.3.0-8)

time: Sat Dec 24 19:50:35 2016
elapsed time: 248 seconds (0d 0h 4m 8s)

