
  .   ____          _            __ _ _
 /\\ / ___'_ __ _ _(_)_ __  __ _ \ \ \ \
( ( )\___ | '_ | '_| | '_ \/ _` | \ \ \ \
 \\/  ___)| |_)| | | | | || (_| |  ) ) ) )
  '  |____| .__|_| |_|_| |_\__, | / / / /
 =========|_|==============|___/=/_/_/_/
 :: Spring Boot ::        (v1.4.2.RELEASE)

2016-12-21 18:22:37.489  INFO 14897 --- [           main] com.appdirect.web.Application            : Starting Application v0.0.1-SNAPSHOT on LAP0081 with PID 14897 (/home/covacsis/workspace-appdirect/appdirect/appdirect-web/target/appdirect-web-0.0.1-SNAPSHOT.jar started by covacsis in /home/covacsis/workspace-appdirect/appdirect)
2016-12-21 18:22:37.501  INFO 14897 --- [           main] com.appdirect.web.Application            : No active profile set, falling back to default profiles: default
2016-12-21 18:22:38.012  INFO 14897 --- [           main] ationConfigEmbeddedWebApplicationContext : Refreshing org.springframework.boot.context.embedded.AnnotationConfigEmbeddedWebApplicationContext@5b37e0d2: startup date [Wed Dec 21 18:22:38 IST 2016]; root of context hierarchy
2016-12-21 18:22:39.968  INFO 14897 --- [           main] s.b.c.e.t.TomcatEmbeddedServletContainer : Tomcat initialized with port(s): 8081 (http)
2016-12-21 18:22:39.987  INFO 14897 --- [           main] o.apache.catalina.core.StandardService   : Starting service Tomcat
2016-12-21 18:22:39.989  INFO 14897 --- [           main] org.apache.catalina.core.StandardEngine  : Starting Servlet Engine: Apache Tomcat/8.5.6
2016-12-21 18:22:40.105  INFO 14897 --- [ost-startStop-1] o.a.c.c.C.[Tomcat].[localhost].[/]       : Initializing Spring embedded WebApplicationContext
2016-12-21 18:22:40.105  INFO 14897 --- [ost-startStop-1] o.s.web.context.ContextLoader            : Root WebApplicationContext: initialization completed in 2098 ms
2016-12-21 18:22:40.313  INFO 14897 --- [ost-startStop-1] o.s.b.w.servlet.ServletRegistrationBean  : Mapping servlet: 'dispatcherServlet' to [/]
2016-12-21 18:22:40.317  INFO 14897 --- [ost-startStop-1] o.s.b.w.servlet.FilterRegistrationBean   : Mapping filter: 'characterEncodingFilter' to: [/*]
2016-12-21 18:22:40.318  INFO 14897 --- [ost-startStop-1] o.s.b.w.servlet.FilterRegistrationBean   : Mapping filter: 'hiddenHttpMethodFilter' to: [/*]
2016-12-21 18:22:40.318  INFO 14897 --- [ost-startStop-1] o.s.b.w.servlet.FilterRegistrationBean   : Mapping filter: 'httpPutFormContentFilter' to: [/*]
2016-12-21 18:22:40.318  INFO 14897 --- [ost-startStop-1] o.s.b.w.servlet.FilterRegistrationBean   : Mapping filter: 'requestContextFilter' to: [/*]
2016-12-21 18:22:40.658  INFO 14897 --- [           main] s.w.s.m.m.a.RequestMappingHandlerAdapter : Looking for @ControllerAdvice: org.springframework.boot.context.embedded.AnnotationConfigEmbeddedWebApplicationContext@5b37e0d2: startup date [Wed Dec 21 18:22:38 IST 2016]; root of context hierarchy
2016-12-21 18:22:40.755  INFO 14897 --- [           main] s.w.s.m.m.a.RequestMappingHandlerMapping : Mapped "{[/api/v1/employees],methods=[GET]}" onto public java.lang.String com.appdirect.web.controller.AccountController.getEmployees()
2016-12-21 18:22:40.756  INFO 14897 --- [           main] s.w.s.m.m.a.RequestMappingHandlerMapping : Mapped "{[/api/v1/employees/eventlistner],methods=[GET]}" onto public void com.appdirect.web.controller.AccountController.analyzeEvent(java.lang.String)
2016-12-21 18:22:40.759  INFO 14897 --- [           main] s.w.s.m.m.a.RequestMappingHandlerMapping : Mapped "{[/error],produces=[text/html]}" onto public org.springframework.web.servlet.ModelAndView org.springframework.boot.autoconfigure.web.BasicErrorController.errorHtml(javax.servlet.http.HttpServletRequest,javax.servlet.http.HttpServletResponse)
2016-12-21 18:22:40.759  INFO 14897 --- [           main] s.w.s.m.m.a.RequestMappingHandlerMapping : Mapped "{[/error]}" onto public org.springframework.http.ResponseEntity<java.util.Map<java.lang.String, java.lang.Object>> org.springframework.boot.autoconfigure.web.BasicErrorController.error(javax.servlet.http.HttpServletRequest)
2016-12-21 18:22:40.799  INFO 14897 --- [           main] o.s.w.s.handler.SimpleUrlHandlerMapping  : Mapped URL path [/webjars/**] onto handler of type [class org.springframework.web.servlet.resource.ResourceHttpRequestHandler]
2016-12-21 18:22:40.799  INFO 14897 --- [           main] o.s.w.s.handler.SimpleUrlHandlerMapping  : Mapped URL path [/**] onto handler of type [class org.springframework.web.servlet.resource.ResourceHttpRequestHandler]
2016-12-21 18:22:40.847  INFO 14897 --- [           main] o.s.w.s.handler.SimpleUrlHandlerMapping  : Mapped URL path [/**/favicon.ico] onto handler of type [class org.springframework.web.servlet.resource.ResourceHttpRequestHandler]
2016-12-21 18:22:40.892  WARN 14897 --- [           main] .t.AbstractTemplateResolverConfiguration : Cannot find template location: classpath:/templates/ (please add some templates or check your Thymeleaf configuration)
2016-12-21 18:22:41.451  INFO 14897 --- [           main] o.s.j.e.a.AnnotationMBeanExporter        : Registering beans for JMX exposure on startup
2016-12-21 18:22:41.519  INFO 14897 --- [           main] s.b.c.e.t.TomcatEmbeddedServletContainer : Tomcat started on port(s): 8081 (http)
2016-12-21 18:22:41.527  INFO 14897 --- [           main] com.appdirect.web.Application            : Started Application in 4.786 seconds (JVM running for 5.319)
2016-12-21 19:32:28.140  INFO 14897 --- [nio-8081-exec-1] o.a.c.c.C.[Tomcat].[localhost].[/]       : Initializing Spring FrameworkServlet 'dispatcherServlet'
2016-12-21 19:32:28.140  INFO 14897 --- [nio-8081-exec-1] o.s.web.servlet.DispatcherServlet        : FrameworkServlet 'dispatcherServlet': initialization started
2016-12-21 19:32:28.159  INFO 14897 --- [nio-8081-exec-1] o.s.web.servlet.DispatcherServlet        : FrameworkServlet 'dispatcherServlet': initialization completed in 18 ms
2016-12-21 19:33:01.067  INFO 14897 --- [       Thread-2] ationConfigEmbeddedWebApplicationContext : Closing org.springframework.boot.context.embedded.AnnotationConfigEmbeddedWebApplicationContext@5b37e0d2: startup date [Wed Dec 21 18:22:38 IST 2016]; root of context hierarchy
2016-12-21 19:33:01.070  INFO 14897 --- [       Thread-2] o.s.j.e.a.AnnotationMBeanExporter        : Unregistering JMX-exposed beans on shutdown
